<?xml version="1.0" encoding="UTF-8"?>
<!-- Generated by org.testng.reporters.JUnitReportReporter -->
<testsuite hostname="Manoj0430" failures="0" tests="1" name="com.test.LoginTest" time="5.697" errors="0" timestamp="2024-02-11T01:48:05 IST" skipped="0">
  <testcase classname="com.test.LoginTest" name="loginWithValidUserNameAndValidPassword" time="5.697"/>
</testsuite> <!-- com.test.LoginTest -->
